<?xml version="1.0" encoding="UTF-8"?>
<testsuite name="me.ogq.ocp.sample.core.usecase.MemberManagementTest" tests="1" skipped="0" failures="0" errors="0" timestamp="2020-11-17T02:36:29" hostname="gim-yongcheol-ui-MacBookPro.local" time="0.293">
  <properties/>
  <testcase name="멤버_일대다_테스트()" classname="me.ogq.ocp.sample.core.usecase.MemberManagementTest" time="0.293"/>
  <system-out><![CDATA[11:36:24.628 [Test worker] DEBUG org.springframework.test.context.BootstrapUtils - Instantiating CacheAwareContextLoaderDelegate from class [org.springframework.test.context.cache.DefaultCacheAwareContextLoaderDelegate]
11:36:24.642 [Test worker] DEBUG org.springframework.test.context.BootstrapUtils - Instantiating BootstrapContext using constructor [public org.springframework.test.context.support.DefaultBootstrapContext(java.lang.Class,org.springframework.test.context.CacheAwareContextLoaderDelegate)]
11:36:24.674 [Test worker] DEBUG org.springframework.test.context.BootstrapUtils - Instantiating TestContextBootstrapper for test class [me.ogq.ocp.sample.core.usecase.MemberManagementTest] from class [org.springframework.boot.test.context.SpringBootTestContextBootstrapper]
11:36:24.693 [Test worker] INFO org.springframework.boot.test.context.SpringBootTestContextBootstrapper - Neither @ContextConfiguration nor @ContextHierarchy found for test class [me.ogq.ocp.sample.core.usecase.MemberManagementTest], using SpringBootContextLoader
11:36:24.698 [Test worker] DEBUG org.springframework.test.context.support.AbstractContextLoader - Did not detect default resource location for test class [me.ogq.ocp.sample.core.usecase.MemberManagementTest]: class path resource [me/ogq/ocp/sample/core/usecase/MemberManagementTest-context.xml] does not exist
11:36:24.699 [Test worker] DEBUG org.springframework.test.context.support.AbstractContextLoader - Did not detect default resource location for test class [me.ogq.ocp.sample.core.usecase.MemberManagementTest]: class path resource [me/ogq/ocp/sample/core/usecase/MemberManagementTestContext.groovy] does not exist
11:36:24.699 [Test worker] INFO org.springframework.test.context.support.AbstractContextLoader - Could not detect default resource locations for test class [me.ogq.ocp.sample.core.usecase.MemberManagementTest]: no resource found for suffixes {-context.xml, Context.groovy}.
11:36:24.701 [Test worker] INFO org.springframework.test.context.support.AnnotationConfigContextLoaderUtils - Could not detect default configuration classes for test class [me.ogq.ocp.sample.core.usecase.MemberManagementTest]: MemberManagementTest does not declare any static, non-private, non-final, nested classes annotated with @Configuration.
11:36:24.748 [Test worker] DEBUG org.springframework.test.context.support.ActiveProfilesUtils - Could not find an 'annotation declaring class' for annotation type [org.springframework.test.context.ActiveProfiles] and class [me.ogq.ocp.sample.core.usecase.MemberManagementTest]
11:36:24.826 [Test worker] DEBUG org.springframework.context.annotation.ClassPathScanningCandidateComponentProvider - Identified candidate component class: file [/Users/kim-yongchul/Documents/studyWorkspace/odevelopers_service_oriented/build/classes/java/main/me/ogq/ocp/sample/SampleApplication.class]
11:36:24.828 [Test worker] INFO org.springframework.boot.test.context.SpringBootTestContextBootstrapper - Found @SpringBootConfiguration me.ogq.ocp.sample.SampleApplication for test class me.ogq.ocp.sample.core.usecase.MemberManagementTest
11:36:24.939 [Test worker] DEBUG org.springframework.boot.test.context.SpringBootTestContextBootstrapper - @TestExecutionListeners is not present for class [me.ogq.ocp.sample.core.usecase.MemberManagementTest]: using defaults.
11:36:24.940 [Test worker] INFO org.springframework.boot.test.context.SpringBootTestContextBootstrapper - Loaded default TestExecutionListener class names from location [META-INF/spring.factories]: [org.springframework.boot.test.autoconfigure.restdocs.RestDocsTestExecutionListener, org.springframework.boot.test.autoconfigure.web.client.MockRestServiceServerResetTestExecutionListener, org.springframework.boot.test.autoconfigure.web.servlet.MockMvcPrintOnlyOnFailureTestExecutionListener, org.springframework.boot.test.autoconfigure.web.servlet.WebDriverTestExecutionListener, org.springframework.boot.test.autoconfigure.webservices.client.MockWebServiceServerTestExecutionListener, org.springframework.boot.test.mock.mockito.MockitoTestExecutionListener, org.springframework.boot.test.mock.mockito.ResetMocksTestExecutionListener, org.springframework.test.context.web.ServletTestExecutionListener, org.springframework.test.context.support.DirtiesContextBeforeModesTestExecutionListener, org.springframework.test.context.support.DependencyInjectionTestExecutionListener, org.springframework.test.context.support.DirtiesContextTestExecutionListener, org.springframework.test.context.transaction.TransactionalTestExecutionListener, org.springframework.test.context.jdbc.SqlScriptsTestExecutionListener, org.springframework.test.context.event.EventPublishingTestExecutionListener]
11:36:24.959 [Test worker] INFO org.springframework.boot.test.context.SpringBootTestContextBootstrapper - Using TestExecutionListeners: [org.springframework.test.context.web.ServletTestExecutionListener@24d7c68b, org.springframework.test.context.support.DirtiesContextBeforeModesTestExecutionListener@73bf11be, org.springframework.boot.test.mock.mockito.MockitoTestExecutionListener@2952a302, org.springframework.boot.test.autoconfigure.SpringBootDependencyInjectionTestExecutionListener@2c8e4fe8, org.springframework.test.context.support.DirtiesContextTestExecutionListener@3677276c, org.springframework.test.context.transaction.TransactionalTestExecutionListener@3dcee2fd, org.springframework.test.context.jdbc.SqlScriptsTestExecutionListener@1b81cf5, org.springframework.test.context.event.EventPublishingTestExecutionListener@5f97e225, org.springframework.boot.test.autoconfigure.restdocs.RestDocsTestExecutionListener@50d4f2fc, org.springframework.boot.test.autoconfigure.web.client.MockRestServiceServerResetTestExecutionListener@1a473b11, org.springframework.boot.test.autoconfigure.web.servlet.MockMvcPrintOnlyOnFailureTestExecutionListener@5bd9c318, org.springframework.boot.test.autoconfigure.web.servlet.WebDriverTestExecutionListener@3b3f848c, org.springframework.boot.test.autoconfigure.webservices.client.MockWebServiceServerTestExecutionListener@4c0bd205, org.springframework.boot.test.mock.mockito.ResetMocksTestExecutionListener@6f37f726]
11:36:24.962 [Test worker] DEBUG org.springframework.test.context.support.AbstractDirtiesContextTestExecutionListener - Before test class: context [DefaultTestContext@30a872c4 testClass = MemberManagementTest, testInstance = [null], testMethod = [null], testException = [null], mergedContextConfiguration = [WebMergedContextConfiguration@439b864d testClass = MemberManagementTest, locations = '{}', classes = '{class me.ogq.ocp.sample.SampleApplication}', contextInitializerClasses = '[]', activeProfiles = '{}', propertySourceLocations = '{}', propertySourceProperties = '{org.springframework.boot.test.context.SpringBootTestContextBootstrapper=true}', contextCustomizers = set[org.springframework.boot.test.autoconfigure.properties.PropertyMappingContextCustomizer@0, org.springframework.boot.test.autoconfigure.web.servlet.WebDriverContextCustomizerFactory$Customizer@4627108f, org.springframework.boot.test.context.filter.ExcludeFilterContextCustomizer@21f9386e, org.springframework.boot.test.json.DuplicateJsonObjectContextCustomizerFactory$DuplicateJsonObjectContextCustomizer@760ed264, org.springframework.boot.test.mock.mockito.MockitoContextCustomizer@0, org.springframework.boot.test.web.client.TestRestTemplateContextCustomizer@45480d2b, org.springframework.boot.test.web.reactive.server.WebTestClientContextCustomizer@2c982a28, org.springframework.boot.test.context.SpringBootTestArgs@1], resourceBasePath = 'src/main/webapp', contextLoader = 'org.springframework.boot.test.context.SpringBootContextLoader', parent = [null]], attributes = map['org.springframework.test.context.web.ServletTestExecutionListener.activateListener' -> true]], class annotated with @DirtiesContext [false] with mode [null].
11:36:24.998 [Test worker] DEBUG org.springframework.test.context.support.TestPropertySourceUtils - Adding inlined properties to environment: {spring.jmx.enabled=false, org.springframework.boot.test.context.SpringBootTestContextBootstrapper=true}

  .   ____          _            __ _ _
 /\\ / ___'_ __ _ _(_)_ __  __ _ \ \ \ \
( ( )\___ | '_ | '_| | '_ \/ _` | \ \ \ \
 \\/  ___)| |_)| | | | | || (_| |  ) ) ) )
  '  |____| .__|_| |_|_| |_\__, | / / / /
 =========|_|==============|___/=/_/_/_/
 :: Spring Boot ::        (v2.3.1.RELEASE)

2020-11-17 11:36:25.684  INFO 86146 --- [    Test worker] m.o.o.s.c.usecase.MemberManagementTest   : Starting MemberManagementTest on gim-yongcheol-ui-MacBookPro.local with PID 86146 (started by kim-yongchul in /Users/kim-yongchul/Documents/studyWorkspace/odevelopers_service_oriented)
2020-11-17 11:36:25.687  INFO 86146 --- [    Test worker] m.o.o.s.c.usecase.MemberManagementTest   : No active profile set, falling back to default profiles: default
2020-11-17 11:36:26.445  INFO 86146 --- [    Test worker] .s.d.r.c.RepositoryConfigurationDelegate : Bootstrapping Spring Data JPA repositories in DEFERRED mode.
2020-11-17 11:36:26.671  INFO 86146 --- [    Test worker] .s.d.r.c.RepositoryConfigurationDelegate : Finished Spring Data repository scanning in 218ms. Found 7 JPA repository interfaces.
2020-11-17 11:36:27.256  INFO 86146 --- [    Test worker] o.s.s.concurrent.ThreadPoolTaskExecutor  : Initializing ExecutorService 'applicationTaskExecutor'
2020-11-17 11:36:27.315  INFO 86146 --- [         task-1] o.hibernate.jpa.internal.util.LogHelper  : HHH000204: Processing PersistenceUnitInfo [name: default]
2020-11-17 11:36:27.368  INFO 86146 --- [         task-1] org.hibernate.Version                    : HHH000412: Hibernate ORM core version 5.4.17.Final
2020-11-17 11:36:27.561  INFO 86146 --- [         task-1] o.hibernate.annotations.common.Version   : HCANN000001: Hibernate Commons Annotations {5.1.0.Final}
2020-11-17 11:36:27.710  INFO 86146 --- [         task-1] com.zaxxer.hikari.HikariDataSource       : HikariPool-1 - Starting...
2020-11-17 11:36:27.765  WARN 86146 --- [    Test worker] JpaBaseConfiguration$JpaWebConfiguration : spring.jpa.open-in-view is enabled by default. Therefore, database queries may be performed during view rendering. Explicitly configure spring.jpa.open-in-view to disable this warning
2020-11-17 11:36:27.902  INFO 86146 --- [         task-1] com.zaxxer.hikari.HikariDataSource       : HikariPool-1 - Start completed.
2020-11-17 11:36:27.925  INFO 86146 --- [         task-1] org.hibernate.dialect.Dialect            : HHH000400: Using dialect: org.hibernate.dialect.H2Dialect
2020-11-17 11:36:28.303  INFO 86146 --- [    Test worker] DeferredRepositoryInitializationListener : Triggering deferred initialization of Spring Data repositories…
2020-11-17 11:36:28.613  INFO 86146 --- [         task-1] org.hibernate.tuple.PojoInstantiator     : HHH000182: No default (no-argument) constructor for class: me.ogq.ocp.sample.core.domain.member_detail_many_to_one.MemberDetailManyToOne (class must be instantiated by Interceptor)
2020-11-17 11:36:28.622  INFO 86146 --- [         task-1] org.hibernate.tuple.PojoInstantiator     : HHH000182: No default (no-argument) constructor for class: me.ogq.ocp.sample.core.domain.student.StudentOneToMany (class must be instantiated by Interceptor)
2020-11-17 11:36:28.669  INFO 86146 --- [         task-1] org.hibernate.tuple.PojoInstantiator     : HHH000182: No default (no-argument) constructor for class: me.ogq.ocp.sample.core.domain.student.Student (class must be instantiated by Interceptor)
Hibernate: create table class_room (class_room_id varchar(40) not null, class_name varchar(255), class_num integer not null, no bigint not null, primary key (class_room_id))
Hibernate: create table furniture (no bigint generated by default as identity, name varchar(255), type varchar(255), class_room_class_room_id varchar(40) not null, furniture_no bigint not null, primary key (no))
Hibernate: create table member (no bigint not null, name varchar(255), primary key (no))
Hibernate: create table member_detail (no bigint not null, detail varchar(255), member_no bigint, primary key (no))
Hibernate: create table member_detail_many_to_one (no bigint generated by default as identity, detail varchar(255), member_no bigint, primary key (no))
Hibernate: create table member_detail_without_relation (no bigint generated by default as identity, detail varchar(255), member_id bigint, primary key (no))
Hibernate: create table member_one_to_many (no bigint generated by default as identity, name varchar(255), primary key (no))
Hibernate: create table member_without_relation (no bigint generated by default as identity, name varchar(255), primary key (no))
Hibernate: create table student (no bigint generated by default as identity, grade integer, name varchar(255), primary key (no))
Hibernate: create table student_subjects (student_one_to_many_no bigint not null, subjects_no bigint not null)
Hibernate: create table subject (no bigint generated by default as identity, id varchar(255), student_id bigint, primary key (no))
Hibernate: create table teacher (no bigint generated by default as identity, class_room_id varchar(40), name varchar(10), sub_class varchar(500), primary key (no))
Hibernate: alter table furniture drop constraint if exists UK_80shthr8e1nbb81ww0pa1iulv
Hibernate: alter table furniture add constraint UK_80shthr8e1nbb81ww0pa1iulv unique (furniture_no)
Hibernate: alter table student_subjects drop constraint if exists UK_haqlj8ru4kqvvmh7yb1s6fw0e
Hibernate: alter table student_subjects add constraint UK_haqlj8ru4kqvvmh7yb1s6fw0e unique (subjects_no)
Hibernate: alter table furniture add constraint FKfy8v4viao9pq1klmi63tp30f9 foreign key (furniture_no) references furniture
Hibernate: alter table furniture add constraint FKj793mquw5kgxwdypsat529v4u foreign key (class_room_class_room_id) references class_room
Hibernate: alter table member_detail add constraint FK9cas0s18f7u0okt4h0o4w8s4w foreign key (member_no) references member
Hibernate: alter table member_detail_many_to_one add constraint FKfbau8xymq4el7c8qsgbpa8tlp foreign key (member_no) references member_without_relation
Hibernate: alter table member_detail_without_relation add constraint FKi3f4rn40jf96a85g4xoe68r1s foreign key (member_id) references member_one_to_many
Hibernate: alter table student_subjects add constraint FKealx3alo6dskwwc9p6i5gnxjt foreign key (subjects_no) references subject
Hibernate: alter table student_subjects add constraint FKj40smk6io35vex8nreoslvcpd foreign key (student_one_to_many_no) references student
Hibernate: alter table subject add constraint FK966amhbdgsgjsy3uqfhfim5mt foreign key (student_id) references student
2020-11-17 11:36:28.901  INFO 86146 --- [         task-1] o.h.e.t.j.p.i.JtaPlatformInitiator       : HHH000490: Using JtaPlatform implementation: [org.hibernate.engine.transaction.jta.platform.internal.NoJtaPlatform]
2020-11-17 11:36:28.909  INFO 86146 --- [         task-1] j.LocalContainerEntityManagerFactoryBean : Initialized JPA EntityManagerFactory for persistence unit 'default'
2020-11-17 11:36:29.351  INFO 86146 --- [    Test worker] DeferredRepositoryInitializationListener : Spring Data repositories initialized!
2020-11-17 11:36:29.360  INFO 86146 --- [    Test worker] m.o.o.s.c.usecase.MemberManagementTest   : Started MemberManagementTest in 4.35 seconds (JVM running for 5.664)
Hibernate: select member0_.no as no1_2_1_, member0_.name as name2_2_1_, details1_.member_no as member_n3_3_3_, details1_.no as no1_3_3_, details1_.no as no1_3_0_, details1_.detail as detail2_3_0_, details1_.member_no as member_n3_3_0_ from member member0_ left outer join member_detail details1_ on member0_.no=details1_.member_no where member0_.no=?
Hibernate: select memberdeta0_.no as no1_3_0_, memberdeta0_.detail as detail2_3_0_, memberdeta0_.member_no as member_n3_3_0_ from member_detail memberdeta0_ where memberdeta0_.no=?
Hibernate: select memberdeta0_.no as no1_3_0_, memberdeta0_.detail as detail2_3_0_, memberdeta0_.member_no as member_n3_3_0_ from member_detail memberdeta0_ where memberdeta0_.no=?
Hibernate: insert into member (name, no) values (?, ?)
Hibernate: insert into member_detail (detail, member_no, no) values (?, ?, ?)
Hibernate: insert into member_detail (detail, member_no, no) values (?, ?, ?)
Hibernate: select member0_.name as col_0_0_ from member member0_ where member0_.name=?
2020-11-17 11:36:29.665  INFO 86146 --- [    Test worker] m.o.o.s.core.usecase.MemberManagement    : MEMBER NAME : [test]
]]></system-out>
  <system-err><![CDATA[]]></system-err>
</testsuite>
